C:\Program Files (x86)\Microsoft Visual Studio\2019\Enterprise\MSBuild\Microsoft\VC\v160\Microsoft.CppBuild.targets(499,5): warning MSB8004: Output Directory does not end with a trailing slash.  This build instance will add the slash as it is required to allow proper evaluation of the Output Directory.
cl : command line warning D9035: option 'Gm' has been deprecated and will be removed in a future release
  gl_warp.c
C:\Users\austi\Documents\Github\GameMod-Final\ref_gl\gl_warp.c(631,2): warning C4996: 'strncpy': This function or variable may be unsafe. Consider using strncpy_s instead. To disable deprecation, use _CRT_SECURE_NO_WARNINGS. See online help for details.
  gl_rsurf.c
  gl_rmisc.c
C:\Users\austi\Documents\Github\GameMod-Final\ref_gl\gl_rmisc.c(115,2): warning C4996: 'strcpy': This function or variable may be unsafe. Consider using strcpy_s instead. To disable deprecation, use _CRT_SECURE_NO_WARNINGS. See online help for details.
C:\Users\austi\Documents\Github\GameMod-Final\ref_gl\gl_rmisc.c(122,7): warning C4996: 'fopen': This function or variable may be unsafe. Consider using fopen_s instead. To disable deprecation, use _CRT_SECURE_NO_WARNINGS. See online help for details.
C:\Users\austi\Documents\Github\GameMod-Final\ref_gl\gl_rmisc.c(154,6): warning C4996: 'fopen': This function or variable may be unsafe. Consider using fopen_s instead. To disable deprecation, use _CRT_SECURE_NO_WARNINGS. See online help for details.
  gl_rmain.c
C:\Users\austi\Documents\Github\GameMod-Final\ref_gl\gl_rmain.c(1162,2): warning C4996: 'strcpy': This function or variable may be unsafe. Consider using strcpy_s instead. To disable deprecation, use _CRT_SECURE_NO_WARNINGS. See online help for details.
C:\Users\austi\Documents\Github\GameMod-Final\ref_gl\gl_rmain.c(1163,2): warning C4996: 'strlwr': The POSIX name for this item is deprecated. Instead, use the ISO C and C++ conformant name: _strlwr. See online help for details.
C:\Users\austi\Documents\Github\GameMod-Final\ref_gl\gl_rmain.c(1165,2): warning C4996: 'strcpy': This function or variable may be unsafe. Consider using strcpy_s instead. To disable deprecation, use _CRT_SECURE_NO_WARNINGS. See online help for details.
C:\Users\austi\Documents\Github\GameMod-Final\ref_gl\gl_rmain.c(1166,2): warning C4996: 'strlwr': The POSIX name for this item is deprecated. Instead, use the ISO C and C++ conformant name: _strlwr. See online help for details.
C:\Users\austi\Documents\Github\GameMod-Final\ref_gl\gl_rmain.c(1419,4): warning C4996: 'putenv': The POSIX name for this item is deprecated. Instead, use the ISO C and C++ conformant name: _putenv. See online help for details.
C:\Users\austi\Documents\Github\GameMod-Final\ref_gl\gl_rmain.c(1421,4): warning C4996: 'putenv': The POSIX name for this item is deprecated. Instead, use the ISO C and C++ conformant name: _putenv. See online help for details.
C:\Users\austi\Documents\Github\GameMod-Final\ref_gl\gl_rmain.c(1651,18): warning C4133: '=': incompatible types - from 'int (__cdecl *)(void *,void *)' to 'qboolean (__cdecl *)(void *,void *)'
C:\Users\austi\Documents\Github\GameMod-Final\ref_gl\gl_rmain.c(1674,2): warning C4996: 'vsprintf': This function or variable may be unsafe. Consider using vsprintf_s instead. To disable deprecation, use _CRT_SECURE_NO_WARNINGS. See online help for details.
C:\Users\austi\Documents\Github\GameMod-Final\ref_gl\gl_rmain.c(1686,2): warning C4996: 'vsprintf': This function or variable may be unsafe. Consider using vsprintf_s instead. To disable deprecation, use _CRT_SECURE_NO_WARNINGS. See online help for details.
  gl_model.c
C:\Users\austi\Documents\Github\GameMod-Final\ref_gl\gl_model.c(222,2): warning C4996: 'strcpy': This function or variable may be unsafe. Consider using strcpy_s instead. To disable deprecation, use _CRT_SECURE_NO_WARNINGS. See online help for details.
  gl_mesh.c
  gl_light.c
  gl_image.c
C:\Users\austi\Documents\Github\GameMod-Final\ref_gl\gl_image.c(1254,2): warning C4996: 'strcpy': This function or variable may be unsafe. Consider using strcpy_s instead. To disable deprecation, use _CRT_SECURE_NO_WARNINGS. See online help for details.
  gl_draw.c
  qgl_win.c
C:\Users\austi\Documents\Github\GameMod-Final\win32\qgl_win.c(3039,3): warning C4996: 'putenv': The POSIX name for this item is deprecated. Instead, use the ISO C and C++ conformant name: _putenv. See online help for details.
C:\Users\austi\Documents\Github\GameMod-Final\win32\qgl_win.c(3041,3): warning C4996: 'putenv': The POSIX name for this item is deprecated. Instead, use the ISO C and C++ conformant name: _putenv. See online help for details.
C:\Users\austi\Documents\Github\GameMod-Final\win32\qgl_win.c(3436,14): warning C4996: 'localtime': This function or variable may be unsafe. Consider using localtime_s instead. To disable deprecation, use _CRT_SECURE_NO_WARNINGS. See online help for details.
C:\Users\austi\Documents\Github\GameMod-Final\win32\qgl_win.c(3438,4): warning C4996: 'asctime': This function or variable may be unsafe. Consider using asctime_s instead. To disable deprecation, use _CRT_SECURE_NO_WARNINGS. See online help for details.
C:\Users\austi\Documents\Github\GameMod-Final\win32\qgl_win.c(3441,23): warning C4996: 'fopen': This function or variable may be unsafe. Consider using fopen_s instead. To disable deprecation, use _CRT_SECURE_NO_WARNINGS. See online help for details.
C:\Users\austi\Documents\Github\GameMod-Final\win32\qgl_win.c(3443,39): warning C4996: 'asctime': This function or variable may be unsafe. Consider using asctime_s instead. To disable deprecation, use _CRT_SECURE_NO_WARNINGS. See online help for details.
  q_shwin.c
  glw_imp.c
C:\Users\austi\Documents\Github\GameMod-Final\win32\glw_imp.c(51,2): warning C4996: 'strcpy': This function or variable may be unsafe. Consider using strcpy_s instead. To disable deprecation, use _CRT_SECURE_NO_WARNINGS. See online help for details.
C:\Users\austi\Documents\Github\GameMod-Final\win32\glw_imp.c(52,2): warning C4996: 'strlwr': The POSIX name for this item is deprecated. Instead, use the ISO C and C++ conformant name: _strlwr. See online help for details.
C:\Users\austi\Documents\Github\GameMod-Final\win32\glw_imp.c(357,7): warning C4996: 'GetVersionExA': was declared deprecated
C:\Users\austi\Documents\Github\GameMod-Final\win32\glw_imp.c(594,7): warning C4996: 'stricmp': The POSIX name for this item is deprecated. Instead, use the ISO C and C++ conformant name: _stricmp. See online help for details.
  q_shared.c
C:\Users\austi\Documents\Github\GameMod-Final\game\q_shared.c(876,3): warning C4996: 'strncpy': This function or variable may be unsafe. Consider using strncpy_s instead. To disable deprecation, use _CRT_SECURE_NO_WARNINGS. See online help for details.
C:\Users\austi\Documents\Github\GameMod-Final\game\q_shared.c(897,2): warning C4996: 'strncpy': This function or variable may be unsafe. Consider using strncpy_s instead. To disable deprecation, use _CRT_SECURE_NO_WARNINGS. See online help for details.
C:\Users\austi\Documents\Github\GameMod-Final\game\q_shared.c(923,2): warning C4996: 'strcat': This function or variable may be unsafe. Consider using strcat_s instead. To disable deprecation, use _CRT_SECURE_NO_WARNINGS. See online help for details.
C:\Users\austi\Documents\Github\GameMod-Final\game\q_shared.c(1056,2): warning C4996: 'vsprintf': This function or variable may be unsafe. Consider using vsprintf_s instead. To disable deprecation, use _CRT_SECURE_NO_WARNINGS. See online help for details.
C:\Users\austi\Documents\Github\GameMod-Final\game\q_shared.c(1230,8): warning C4996: 'vsprintf': This function or variable may be unsafe. Consider using vsprintf_s instead. To disable deprecation, use _CRT_SECURE_NO_WARNINGS. See online help for details.
C:\Users\austi\Documents\Github\GameMod-Final\game\q_shared.c(1234,2): warning C4996: 'strncpy': This function or variable may be unsafe. Consider using strncpy_s instead. To disable deprecation, use _CRT_SECURE_NO_WARNINGS. See online help for details.
C:\Users\austi\Documents\Github\GameMod-Final\game\q_shared.c(1334,4): warning C4996: 'strcpy': This function or variable may be unsafe. Consider using strcpy_s instead. To disable deprecation, use _CRT_SECURE_NO_WARNINGS. See online help for details.
  Generating Code...
C:\Users\austi\Documents\Github\GameMod-Final\ref_gl\gl_image.c(1223): warning C4715: 'GL_Upload8': not all control paths return a value
C:\Users\austi\Documents\Github\GameMod-Final\ref_gl\gl_rmain.c(1341): warning C4715: 'R_Init': not all control paths return a value
gl_draw.obj : warning LNK4075: ignoring '/EDITANDCONTINUE' due to '/INCREMENTAL:NO' specification
     Creating library .\..\debug\ref_gl.lib and object .\..\debug\ref_gl.exp
  ref_gl.vcxproj -> C:\Program Files (x86)\Steam\steamapps\common\Quake 2\ref_gl.dll
