C:\Program Files (x86)\Microsoft Visual Studio\2019\Enterprise\MSBuild\Microsoft\VC\v160\Microsoft.CppBuild.targets(499,5): warning MSB8004: Output Directory does not end with a trailing slash.  This build instance will add the slash as it is required to allow proper evaluation of the Output Directory.
  Performing Custom Build Tools
  Microsoft (R) Macro Assembler Version 14.29.30136.0
  Copyright (C) Microsoft Corporation.  All rights reserved.
  
   Assembling: Files
MASM : fatal error A1000: cannot open file : Files
  Performing Custom Build Tools
  Microsoft (R) Macro Assembler Version 14.29.30136.0
  Copyright (C) Microsoft Corporation.  All rights reserved.
  
   Assembling: Files
MASM : fatal error A1000: cannot open file : Files
  Performing Custom Build Tools
  Microsoft (R) Macro Assembler Version 14.29.30136.0
  Copyright (C) Microsoft Corporation.  All rights reserved.
  
   Assembling: Files
MASM : fatal error A1000: cannot open file : Files
  Performing Custom Build Tools
  Microsoft (R) Macro Assembler Version 14.29.30136.0
  Copyright (C) Microsoft Corporation.  All rights reserved.
  
   Assembling: Files
MASM : fatal error A1000: cannot open file : Files
  Performing Custom Build Tools
  Microsoft (R) Macro Assembler Version 14.29.30136.0
  Copyright (C) Microsoft Corporation.  All rights reserved.
  
   Assembling: Files
MASM : fatal error A1000: cannot open file : Files
  Performing Custom Build Tools
  Microsoft (R) Macro Assembler Version 14.29.30136.0
  Copyright (C) Microsoft Corporation.  All rights reserved.
  
   Assembling: Files
MASM : fatal error A1000: cannot open file : Files
  Performing Custom Build Tools
  Microsoft (R) Macro Assembler Version 14.29.30136.0
  Copyright (C) Microsoft Corporation.  All rights reserved.
  
   Assembling: Files
MASM : fatal error A1000: cannot open file : Files
  Performing Custom Build Tools
  Microsoft (R) Macro Assembler Version 14.29.30136.0
  Copyright (C) Microsoft Corporation.  All rights reserved.
  
   Assembling: Files
MASM : fatal error A1000: cannot open file : Files
  Performing Custom Build Tools
  Microsoft (R) Macro Assembler Version 14.29.30136.0
  Copyright (C) Microsoft Corporation.  All rights reserved.
  
   Assembling: Files
MASM : fatal error A1000: cannot open file : Files
C:\Program Files (x86)\Microsoft Visual Studio\2019\Enterprise\MSBuild\Microsoft\VC\v160\Microsoft.CppCommon.targets(241,5): error MSB8066: Custom build for 'r_aclipa.asm;r_draw16.asm;r_drawa.asm;r_edgea.asm;r_polysa.asm;r_scana.asm;r_spr8.asm;r_surf8.asm;r_varsa.asm' exited with code 1.
